error: feature 'sync' is required
 --> tests/uncompilable/deserialize_off.rs
  |
  | #[fxstruct(sync, serde(deserialize(off)))]
  |            ^^^^

error: feature 'serde' is required
 --> tests/uncompilable/deserialize_off.rs
  |
  | #[fxstruct(sync, serde(deserialize(off)))]
  |                  ^^^^^

error[E0432]: unresolved import `serde`
 --> tests/uncompilable/deserialize_off.rs
  |
  | use serde::{Deserialize, Serialize};
  |     ^^^^^ use of undeclared crate or module `serde`

error[E0412]: cannot find type `Foo` in this scope
 --> tests/uncompilable/deserialize_off.rs
  |
  |     let _json = serde_json::from_str::<Foo>(r#"{"v": "whatever"}"#);
  |                                        ^^^ not found in this scope
